<?xml version="1.0" encoding="UTF-8"?>
<testsuite xmlns:xsi="http://www.w3.org/2001/XMLSchema-instance" xsi:noNamespaceSchemaLocation="https://maven.apache.org/surefire/maven-surefire-plugin/xsd/surefire-test-report.xsd" name="TestSuite" time="0.807" tests="4" errors="0" skipped="0" failures="0">
  <properties>
[...]
</properties>
  <testcase name="checkoutBarang" classname="PararelTestNG" time="0.001"/>
  <testcase name="scenariotest2" classname="PararelTestNG" time="0.002"/>
  <testcase name="scenariotest1" classname="PararelTestNG" time="0.002"/>
  <testcase name="scenariotest3" classname="PararelTestNG" time="0"/>
</testsuite>