<?xml version="1.0" encoding="UTF-8"?>
<testng-results ignored="0" total="4" passed="4" failed="0" skipped="0">
  <reporter-output>
  </reporter-output>
  <suite started-at="2025-02-15T13:50:33 ICT" name="Annotation Execution Suite" finished-at="2025-02-15T13:50:33 ICT" duration-ms="43">
    <groups>
    </groups>
    <test started-at="2025-02-15T13:50:33 ICT" name="MyTestGroup" finished-at="2025-02-15T13:50:33 ICT" duration-ms="43">
      <class name="PararelTestNG">
        <test-method is-config="true" signature="setUpClass()[pri:0, instance:PararelTestNG@4690b489]" started-at="2025-02-15T13:50:33 ICT" name="setUpClass" finished-at="2025-02-15T13:50:33 ICT" duration-ms="14" status="PASS">
          <reporter-output>
          </reporter-output>
        </test-method> <!-- setUpClass -->
        <test-method signature="scenariotest2()[pri:0, instance:PararelTestNG@4690b489]" started-at="2025-02-15T13:50:33 ICT" name="scenariotest2" finished-at="2025-02-15T13:50:33 ICT" duration-ms="3" status="PASS">
          <reporter-output>
          </reporter-output>
        </test-method> <!-- scenariotest2 -->
        <test-method signature="checkoutBarang()[pri:0, instance:PararelTestNG@4690b489]" started-at="2025-02-15T13:50:33 ICT" name="checkoutBarang" finished-at="2025-02-15T13:50:33 ICT" duration-ms="0" status="PASS">
          <reporter-output>
          </reporter-output>
        </test-method> <!-- checkoutBarang -->
        <test-method signature="scenariotest1()[pri:0, instance:PararelTestNG@4690b489]" started-at="2025-02-15T13:50:33 ICT" name="scenariotest1" finished-at="2025-02-15T13:50:33 ICT" duration-ms="2" status="PASS">
          <reporter-output>
          </reporter-output>
        </test-method> <!-- scenariotest1 -->
        <test-method signature="scenariotest3()[pri:0, instance:PararelTestNG@4690b489]" started-at="2025-02-15T13:50:33 ICT" name="scenariotest3" finished-at="2025-02-15T13:50:33 ICT" duration-ms="1" status="PASS">
          <reporter-output>
          </reporter-output>
        </test-method> <!-- scenariotest3 -->
      </class> <!-- PararelTestNG -->
    </test> <!-- MyTestGroup -->
  </suite> <!-- Annotation Execution Suite -->
</testng-results>
