<?xml version="1.0" encoding="UTF-8"?>
<testng-results ignored="0" total="15" passed="15" failed="0" skipped="0">
  <reporter-output>
  </reporter-output>
  <suite started-at="2025-02-16T10:02:43 ICT" name="Annotation Execution Suite" finished-at="2025-02-16T10:02:43 ICT" duration-ms="60">
    <groups>
    </groups>
    <test started-at="2025-02-16T10:02:43 ICT" name="MyTestGroup" finished-at="2025-02-16T10:02:43 ICT" duration-ms="60">
      <class name="testng.PararelTestNG2">
        <test-method is-config="true" signature="setUpClass()[pri:0, instance:testng.PararelTestNG2@3aefe5e5]" started-at="2025-02-16T10:02:43 ICT" name="setUpClass" finished-at="2025-02-16T10:02:43 ICT" duration-ms="10" status="PASS">
          <reporter-output>
          </reporter-output>
        </test-method> <!-- setUpClass -->
        <test-method signature="checkoutBarang()[pri:0, instance:testng.PararelTestNG2@3aefe5e5]" started-at="2025-02-16T10:02:43 ICT" name="checkoutBarang" finished-at="2025-02-16T10:02:43 ICT" duration-ms="1" status="PASS">
          <reporter-output>
          </reporter-output>
        </test-method> <!-- checkoutBarang -->
        <test-method signature="dataTestScenario(java.lang.String,int)[pri:0, instance:testng.PararelTestNG2@3aefe5e5]" started-at="2025-02-16T10:02:43 ICT" name="dataTestScenario" data-provider="dataproviderPositive" finished-at="2025-02-16T10:02:43 ICT" duration-ms="3" status="PASS">
          <params>
            <param index="0">
              <value>
                <![CDATA[Rudy]]>
              </value>
            </param>
            <param index="1">
              <value>
                <![CDATA[10]]>
              </value>
            </param>
          </params>
          <reporter-output>
          </reporter-output>
        </test-method> <!-- dataTestScenario -->
        <test-method signature="dataTestScenario(java.lang.String,int)[pri:0, instance:testng.PararelTestNG2@3aefe5e5]" started-at="2025-02-16T10:02:43 ICT" name="dataTestScenario" data-provider="dataproviderPositive" finished-at="2025-02-16T10:02:43 ICT" duration-ms="0" status="PASS">
          <params>
            <param index="0">
              <value>
                <![CDATA[Sari]]>
              </value>
            </param>
            <param index="1">
              <value>
                <![CDATA[20]]>
              </value>
            </param>
          </params>
          <reporter-output>
          </reporter-output>
        </test-method> <!-- dataTestScenario -->
        <test-method signature="dataTestScenario(java.lang.String,int)[pri:0, instance:testng.PararelTestNG2@3aefe5e5]" started-at="2025-02-16T10:02:43 ICT" name="dataTestScenario" data-provider="dataproviderPositive" finished-at="2025-02-16T10:02:43 ICT" duration-ms="1" status="PASS">
          <params>
            <param index="0">
              <value>
                <![CDATA[Budi]]>
              </value>
            </param>
            <param index="1">
              <value>
                <![CDATA[25]]>
              </value>
            </param>
          </params>
          <reporter-output>
          </reporter-output>
        </test-method> <!-- dataTestScenario -->
        <test-method signature="scenariotest1()[pri:0, instance:testng.PararelTestNG2@3aefe5e5]" started-at="2025-02-16T10:02:43 ICT" name="scenariotest1" finished-at="2025-02-16T10:02:43 ICT" duration-ms="0" status="PASS">
          <reporter-output>
          </reporter-output>
        </test-method> <!-- scenariotest1 -->
        <test-method signature="scenariotest2()[pri:0, instance:testng.PararelTestNG2@3aefe5e5]" started-at="2025-02-16T10:02:43 ICT" name="scenariotest2" finished-at="2025-02-16T10:02:43 ICT" duration-ms="1" status="PASS">
          <reporter-output>
          </reporter-output>
        </test-method> <!-- scenariotest2 -->
        <test-method signature="scenariotest3()[pri:0, instance:testng.PararelTestNG2@3aefe5e5]" started-at="2025-02-16T10:02:43 ICT" name="scenariotest3" finished-at="2025-02-16T10:02:43 ICT" duration-ms="1" status="PASS">
          <reporter-output>
          </reporter-output>
        </test-method> <!-- scenariotest3 -->
        <test-method signature="scenariotest4()[pri:0, instance:testng.PararelTestNG2@3aefe5e5]" started-at="2025-02-16T10:02:43 ICT" name="scenariotest4" finished-at="2025-02-16T10:02:43 ICT" duration-ms="1" status="PASS">
          <reporter-output>
          </reporter-output>
        </test-method> <!-- scenariotest4 -->
        <test-method signature="scenariotest5()[pri:0, instance:testng.PararelTestNG2@3aefe5e5]" started-at="2025-02-16T10:02:43 ICT" name="scenariotest5" finished-at="2025-02-16T10:02:43 ICT" duration-ms="1" status="PASS">
          <reporter-output>
          </reporter-output>
        </test-method> <!-- scenariotest5 -->
      </class> <!-- testng.PararelTestNG2 -->
      <class name="testng.PararelTestNG">
        <test-method is-config="true" signature="setUpClass()[pri:0, instance:testng.PararelTestNG@3eb7fc54]" started-at="2025-02-16T10:02:43 ICT" name="setUpClass" finished-at="2025-02-16T10:02:43 ICT" duration-ms="10" status="PASS">
          <reporter-output>
          </reporter-output>
        </test-method> <!-- setUpClass -->
        <test-method signature="checkoutBarang()[pri:0, instance:testng.PararelTestNG@3eb7fc54]" started-at="2025-02-16T10:02:43 ICT" name="checkoutBarang" finished-at="2025-02-16T10:02:43 ICT" duration-ms="1" status="PASS">
          <reporter-output>
          </reporter-output>
        </test-method> <!-- checkoutBarang -->
        <test-method signature="scenariotest1()[pri:0, instance:testng.PararelTestNG@3eb7fc54]" started-at="2025-02-16T10:02:43 ICT" name="scenariotest1" finished-at="2025-02-16T10:02:43 ICT" duration-ms="3" status="PASS">
          <reporter-output>
          </reporter-output>
        </test-method> <!-- scenariotest1 -->
        <test-method signature="scenariotest2()[pri:0, instance:testng.PararelTestNG@3eb7fc54]" started-at="2025-02-16T10:02:43 ICT" name="scenariotest2" finished-at="2025-02-16T10:02:43 ICT" duration-ms="1" status="PASS">
          <reporter-output>
          </reporter-output>
        </test-method> <!-- scenariotest2 -->
        <test-method signature="scenariotest3()[pri:0, instance:testng.PararelTestNG@3eb7fc54]" started-at="2025-02-16T10:02:43 ICT" name="scenariotest3" finished-at="2025-02-16T10:02:43 ICT" duration-ms="1" status="PASS">
          <reporter-output>
          </reporter-output>
        </test-method> <!-- scenariotest3 -->
        <test-method signature="scenariotest4()[pri:0, instance:testng.PararelTestNG@3eb7fc54]" started-at="2025-02-16T10:02:43 ICT" name="scenariotest4" finished-at="2025-02-16T10:02:43 ICT" duration-ms="0" status="PASS">
          <reporter-output>
          </reporter-output>
        </test-method> <!-- scenariotest4 -->
        <test-method signature="scenariotest5()[pri:0, instance:testng.PararelTestNG@3eb7fc54]" started-at="2025-02-16T10:02:43 ICT" name="scenariotest5" finished-at="2025-02-16T10:02:43 ICT" duration-ms="1" status="PASS">
          <reporter-output>
          </reporter-output>
        </test-method> <!-- scenariotest5 -->
      </class> <!-- testng.PararelTestNG -->
    </test> <!-- MyTestGroup -->
  </suite> <!-- Annotation Execution Suite -->
</testng-results>
