<?xml version="1.0" encoding="UTF-8"?>
<!-- Generated by org.testng.reporters.JUnitXMLReporter -->
<testsuite ignored="0" hostname="Escha" failures="0" tests="15" name="MyTestGroup" time="0.06" errors="0" timestamp="2025-02-16T10:02:43 ICT">
  <testcase classname="testng.PararelTestNG2" name="checkoutBarang" time="0.001"/>
  <testcase classname="testng.PararelTestNG" name="checkoutBarang" time="0.001"/>
  <testcase classname="testng.PararelTestNG" name="scenariotest1" time="0.003"/>
  <testcase classname="testng.PararelTestNG" name="scenariotest2" time="0.001"/>
  <testcase classname="testng.PararelTestNG" name="scenariotest3" time="0.001"/>
  <testcase classname="testng.PararelTestNG" name="scenariotest4" time="0.0"/>
  <testcase classname="testng.PararelTestNG" name="scenariotest5" time="0.001"/>
  <testcase classname="testng.PararelTestNG2" name="dataTestScenario" time="0.003"/>
  <testcase classname="testng.PararelTestNG2" name="dataTestScenario" time="0.0"/>
  <testcase classname="testng.PararelTestNG2" name="dataTestScenario" time="0.001"/>
  <testcase classname="testng.PararelTestNG2" name="scenariotest1" time="0.0"/>
  <testcase classname="testng.PararelTestNG2" name="scenariotest2" time="0.001"/>
  <testcase classname="testng.PararelTestNG2" name="scenariotest3" time="0.001"/>
  <testcase classname="testng.PararelTestNG2" name="scenariotest4" time="0.001"/>
  <testcase classname="testng.PararelTestNG2" name="scenariotest5" time="0.001"/>
</testsuite> <!-- MyTestGroup -->
