<?xml version="1.0" encoding="UTF-8"?>
<!-- Generated by org.testng.reporters.JUnitXMLReporter -->
<testsuite ignored="0" hostname="Escha" failures="0" tests="4" name="MyTestGroup" time="0.043" errors="0" timestamp="2025-02-15T13:50:33 ICT">
  <testcase classname="PararelTestNG" name="checkoutBarang" time="0.0"/>
  <testcase classname="PararelTestNG" name="scenariotest2" time="0.003"/>
  <testcase classname="PararelTestNG" name="scenariotest1" time="0.002"/>
  <testcase classname="PararelTestNG" name="scenariotest3" time="0.001"/>
</testsuite> <!-- MyTestGroup -->
